# JRE version: OpenJDK Runtime Environment Corretto-17.0.5.8.1 (17.0.5+8) (build 17.0.5+8-LTS)
# Java VM: OpenJDK 64-Bit Server VM Corretto-17.0.5.8.1 (17.0.5+8-LTS, mixed mode, sharing, tiered, compressed oops, compressed class ptrs, g1 gc, windows-amd64)
GC Precious Log:
 CPUs: 16 total, 16 available
 Memory: 16304M
 Large Page Support: Disabled
 NUMA Support: Disabled
 Compressed Oops: Enabled (Zero based)
 Heap Region Size: 2M
 Heap Min Capacity: 8M
 Heap Initial Capacity: 256M
 Heap Max Capacity: 4078M
 Pre-touch: Disabled
 Parallel Workers: 13
 Concurrent Workers: 3
 Concurrent Refinement Workers: 13
 Periodic GC: Disabled
Heap:
 garbage-first heap   total 106496K, used 57994K [0x0000000701200000, 0x0000000800000000)
  region size 2048K, 11 young (22528K), 2 survivors (4096K)
 Metaspace       used 77362K, committed 77760K, reserved 1122304K
  class space    used 10528K, committed 10688K, reserved 1048576K
GC Heap History (20 events):
Event: 5.656 GC heap before
{Heap before GC invocations=8 (full 0):
 garbage-first heap   total 69632K, used 43614K [0x0000000701200000, 0x0000000800000000)
  region size 2048K, 14 young (28672K), 2 survivors (4096K)
 Metaspace       used 35734K, committed 35968K, reserved 1081344K
  class space    used 4723K, committed 4800K, reserved 1048576K
}
Event: 5.667 GC heap after
{Heap after GC invocations=9 (full 0):
 garbage-first heap   total 88064K, used 22549K [0x0000000701200000, 0x0000000800000000)
  region size 2048K, 1 young (2048K), 1 survivors (2048K)
 Metaspace       used 35734K, committed 35968K, reserved 1081344K
  class space    used 4723K, committed 4800K, reserved 1048576K
}
Event: 6.700 GC heap before
{Heap before GC invocations=10 (full 0):
 garbage-first heap   total 88064K, used 63509K [0x0000000701200000, 0x0000000800000000)
  region size 2048K, 21 young (43008K), 1 survivors (2048K)
 Metaspace       used 42136K, committed 42432K, reserved 1089536K
  class space    used 5519K, committed 5632K, reserved 1048576K
}
Event: 6.707 GC heap after
{Heap after GC invocations=11 (full 0):
 garbage-first heap   total 88064K, used 24493K [0x0000000701200000, 0x0000000800000000)
  region size 2048K, 2 young (4096K), 2 survivors (4096K)
 Metaspace       used 42136K, committed 42432K, reserved 1089536K
  class space    used 5519K, committed 5632K, reserved 1048576K
}
Event: 10.702 GC heap before
{Heap before GC invocations=11 (full 0):
 garbage-first heap   total 88064K, used 63405K [0x0000000701200000, 0x0000000800000000)
  region size 2048K, 21 young (43008K), 2 survivors (4096K)
 Metaspace       used 48527K, committed 48832K, reserved 1097728K
  class space    used 6232K, committed 6400K, reserved 1048576K
}
Event: 10.714 GC heap after
{Heap after GC invocations=12 (full 0):
 garbage-first heap   total 88064K, used 28245K [0x0000000701200000, 0x0000000800000000)
  region size 2048K, 3 young (6144K), 3 survivors (6144K)
 Metaspace       used 48527K, committed 48832K, reserved 1097728K
  class space    used 6232K, committed 6400K, reserved 1048576K
}
Event: 11.622 GC heap before
{Heap before GC invocations=12 (full 0):
 garbage-first heap   total 88064K, used 63061K [0x0000000701200000, 0x0000000800000000)
  region size 2048K, 21 young (43008K), 3 survivors (6144K)
 Metaspace       used 55929K, committed 56256K, reserved 1105920K
  class space    used 7472K, committed 7616K, reserved 1048576K
}
Event: 11.635 GC heap after
{Heap after GC invocations=13 (full 0):
 garbage-first heap   total 88064K, used 29535K [0x0000000701200000, 0x0000000800000000)
  region size 2048K, 1 young (2048K), 1 survivors (2048K)
 Metaspace       used 55929K, committed 56256K, reserved 1105920K
  class space    used 7472K, committed 7616K, reserved 1048576K
}
Event: 12.198 GC heap before
{Heap before GC invocations=13 (full 0):
 garbage-first heap   total 88064K, used 47967K [0x0000000701200000, 0x0000000800000000)
  region size 2048K, 12 young (24576K), 1 survivors (2048K)
 Metaspace       used 59810K, committed 60160K, reserved 1105920K
  class space    used 8097K, committed 8256K, reserved 1048576K
}
Event: 12.204 GC heap after
{Heap after GC invocations=14 (full 0):
 garbage-first heap   total 88064K, used 30065K [0x0000000701200000, 0x0000000800000000)
  region size 2048K, 1 young (2048K), 1 survivors (2048K)
 Metaspace       used 59810K, committed 60160K, reserved 1105920K
  class space    used 8097K, committed 8256K, reserved 1048576K
}
Event: 12.998 GC heap before
{Heap before GC invocations=15 (full 0):
 garbage-first heap   total 88064K, used 68977K [0x0000000701200000, 0x0000000800000000)
  region size 2048K, 20 young (40960K), 1 survivors (2048K)
 Metaspace       used 63837K, committed 64192K, reserved 1105920K
  class space    used 8671K, committed 8832K, reserved 1048576K
}
Event: 13.007 GC heap after
{Heap after GC invocations=16 (full 0):
 garbage-first heap   total 88064K, used 32523K [0x0000000701200000, 0x0000000800000000)
  region size 2048K, 3 young (6144K), 3 survivors (6144K)
 Metaspace       used 63837K, committed 64192K, reserved 1105920K
  class space    used 8671K, committed 8832K, reserved 1048576K
}
Event: 13.696 GC heap before
{Heap before GC invocations=16 (full 0):
 garbage-first heap   total 88064K, used 65291K [0x0000000701200000, 0x0000000800000000)
  region size 2048K, 20 young (40960K), 3 survivors (6144K)
 Metaspace       used 67037K, committed 67392K, reserved 1114112K
  class space    used 9080K, committed 9216K, reserved 1048576K
}
Event: 13.707 GC heap after
{Heap after GC invocations=17 (full 0):
 garbage-first heap   total 88064K, used 34094K [0x0000000701200000, 0x0000000800000000)
  region size 2048K, 3 young (6144K), 3 survivors (6144K)
 Metaspace       used 67037K, committed 67392K, reserved 1114112K
  class space    used 9080K, committed 9216K, reserved 1048576K
}
Event: 14.212 GC heap before
{Heap before GC invocations=17 (full 0):
 garbage-first heap   total 88064K, used 66862K [0x0000000701200000, 0x0000000800000000)
  region size 2048K, 19 young (38912K), 3 survivors (6144K)
 Metaspace       used 68606K, committed 68992K, reserved 1114112K
  class space    used 9283K, committed 9472K, reserved 1048576K
}
Event: 14.223 GC heap after
{Heap after GC invocations=18 (full 0):
 garbage-first heap   total 106496K, used 36087K [0x0000000701200000, 0x0000000800000000)
  region size 2048K, 2 young (4096K), 2 survivors (4096K)
 Metaspace       used 68606K, committed 68992K, reserved 1114112K
  class space    used 9283K, committed 9472K, reserved 1048576K
}
Event: 15.196 GC heap before
{Heap before GC invocations=18 (full 0):
 garbage-first heap   total 106496K, used 85239K [0x0000000701200000, 0x0000000800000000)
  region size 2048K, 26 young (53248K), 2 survivors (4096K)
 Metaspace       used 71513K, committed 71936K, reserved 1114112K
  class space    used 9714K, committed 9920K, reserved 1048576K
}
Event: 15.212 GC heap after
{Heap after GC invocations=19 (full 0):
 garbage-first heap   total 106496K, used 40097K [0x0000000701200000, 0x0000000800000000)
  region size 2048K, 4 young (8192K), 4 survivors (8192K)
 Metaspace       used 71513K, committed 71936K, reserved 1114112K
  class space    used 9714K, committed 9920K, reserved 1048576K
}
Event: 16.113 GC heap before
{Heap before GC invocations=19 (full 0):
 garbage-first heap   total 106496K, used 83105K [0x0000000701200000, 0x0000000800000000)
  region size 2048K, 25 young (51200K), 4 survivors (8192K)
 Metaspace       used 74351K, committed 74752K, reserved 1114112K
  class space    used 10138K, committed 10304K, reserved 1048576K
}
Event: 16.129 GC heap after
{Heap after GC invocations=20 (full 0):
 garbage-first heap   total 106496K, used 41610K [0x0000000701200000, 0x0000000800000000)
  region size 2048K, 2 young (4096K), 2 survivors (4096K)
 Metaspace       used 74351K, committed 74752K, reserved 1114112K
  class space    used 10138K, committed 10304K, reserved 1048576K
}

