<?xml version="1.0" encoding="UTF-8"?>
<testsuite xmlns:xsi="http://www.w3.org/2001/XMLSchema-instance" xsi:noNamespaceSchemaLocation="https://maven.apache.org/surefire/maven-surefire-plugin/xsd/surefire-test-report.xsd" name="com.securityapi.service.impl.PersonServiceImplUnitTest" time="0.306" tests="2" errors="0" skipped="0" failures="0">
  <properties>
[...]
</properties>
  <testcase name="test_findPersonByEmail_shouldCallRepository" classname="com.securityapi.service.impl.PersonServiceImplUnitTest" time="0.292"/>
  <testcase name="test_savePerson_shouldCallRepository" classname="com.securityapi.service.impl.PersonServiceImplUnitTest" time="0.012"/>
</testsuite>